<?xml version="1.0" encoding="UTF-8"?>
<!-- Generated by org.testng.reporters.JUnitReportReporter -->
<testsuite hostname="DEL1-DHP-40030" name="AndroidTest.Module.Config" tests="1" failures="0" timestamp="31 Oct 2017 09:58:15 GMT" time="28.350" errors="0">
  <testcase name="invokeBrowser" time="28.350" classname="AndroidTest.Module.Config"/>
</testsuite> <!-- AndroidTest.Module.Config -->
